0 info it worked if it ends with ok
1 verbose cli [ '/usr/local/bin/node', '/usr/local/bin/npm', 'start' ]
2 info using npm@3.10.8
3 info using node@v6.9.1
4 verbose run-script [ 'prestart', 'start', 'poststart' ]
5 info lifecycle angularjs-template@0.0.4~prestart: angularjs-template@0.0.4
6 verbose lifecycle angularjs-template@0.0.4~prestart: unsafe-perm in lifecycle true
7 verbose lifecycle angularjs-template@0.0.4~prestart: PATH: /usr/local/lib/node_modules/npm/bin/node-gyp-bin:/Users/linfangyang/Documents/GitHub/W210_project_patentability/PatentSite/node_modules/.bin:/Users/linfangyang/anaconda/bin:/usr/local/bin:/usr/bin:/bin:/usr/sbin:/sbin:/usr/local/share/dotnet:/Library/TeX/texbin
8 verbose lifecycle angularjs-template@0.0.4~prestart: CWD: /Users/linfangyang/Documents/GitHub/W210_project_patentability/PatentSite
9 silly lifecycle angularjs-template@0.0.4~prestart: Args: [ '-c', 'npm install' ]
10 silly lifecycle angularjs-template@0.0.4~prestart: Returned: code: 0  signal: null
11 info lifecycle angularjs-template@0.0.4~start: angularjs-template@0.0.4
12 verbose lifecycle angularjs-template@0.0.4~start: unsafe-perm in lifecycle true
13 verbose lifecycle angularjs-template@0.0.4~start: PATH: /usr/local/lib/node_modules/npm/bin/node-gyp-bin:/Users/linfangyang/Documents/GitHub/W210_project_patentability/PatentSite/node_modules/.bin:/Users/linfangyang/anaconda/bin:/usr/local/bin:/usr/bin:/bin:/usr/sbin:/sbin:/usr/local/share/dotnet:/Library/TeX/texbin
14 verbose lifecycle angularjs-template@0.0.4~start: CWD: /Users/linfangyang/Documents/GitHub/W210_project_patentability/PatentSite
15 silly lifecycle angularjs-template@0.0.4~start: Args: [ '-c', 'node server.js' ]
16 silly lifecycle angularjs-template@0.0.4~start: Returned: code: 1  signal: null
17 info lifecycle angularjs-template@0.0.4~start: Failed to exec start script
18 verbose stack Error: angularjs-template@0.0.4 start: `node server.js`
18 verbose stack Exit status 1
18 verbose stack     at EventEmitter.<anonymous> (/usr/local/lib/node_modules/npm/lib/utils/lifecycle.js:255:16)
18 verbose stack     at emitTwo (events.js:106:13)
18 verbose stack     at EventEmitter.emit (events.js:191:7)
18 verbose stack     at ChildProcess.<anonymous> (/usr/local/lib/node_modules/npm/lib/utils/spawn.js:40:14)
18 verbose stack     at emitTwo (events.js:106:13)
18 verbose stack     at ChildProcess.emit (events.js:191:7)
18 verbose stack     at maybeClose (internal/child_process.js:877:16)
18 verbose stack     at Process.ChildProcess._handle.onexit (internal/child_process.js:226:5)
19 verbose pkgid angularjs-template@0.0.4
20 verbose cwd /Users/linfangyang/Documents/GitHub/W210_project_patentability/PatentSite
21 error Darwin 16.7.0
22 error argv "/usr/local/bin/node" "/usr/local/bin/npm" "start"
23 error node v6.9.1
24 error npm  v3.10.8
25 error code ELIFECYCLE
26 error angularjs-template@0.0.4 start: `node server.js`
26 error Exit status 1
27 error Failed at the angularjs-template@0.0.4 start script 'node server.js'.
27 error Make sure you have the latest version of node.js and npm installed.
27 error If you do, this is most likely a problem with the angularjs-template package,
27 error not with npm itself.
27 error Tell the author that this fails on your system:
27 error     node server.js
27 error You can get information on how to open an issue for this project with:
27 error     npm bugs angularjs-template
27 error Or if that isn't available, you can get their info via:
27 error     npm owner ls angularjs-template
27 error There is likely additional logging output above.
28 verbose exit [ 1, true ]
